<?xml version="1.0" encoding="UTF-8"?>
<!-- Generated by org.testng.reporters.JUnitReportReporter -->
<testsuite hostname="DESKTOP-JOTK0KK" failures="1" tests="17" name="runner.TestRunner" time="635.337" errors="1" timestamp="2023-09-19T15:38:12 IST" skipped="0">
  <testcase classname="runner.TestRunner" name="runScenario" time="41.541"/>
  <system-out/>
  <testcase classname="runner.TestRunner" name="runScenario" time="45.723"/>
  <system-out/>
  <testcase classname="runner.TestRunner" name="runScenario" time="37.506"/>
  <system-out/>
  <testcase classname="runner.TestRunner" name="runScenario" time="22.870"/>
  <system-out/>
  <testcase classname="runner.TestRunner" name="runScenario" time="33.429"/>
  <system-out/>
  <testcase classname="runner.TestRunner" name="runScenario" time="33.522"/>
  <system-out/>
  <testcase classname="runner.TestRunner" name="runScenario" time="42.125"/>
  <system-out/>
  <testcase classname="runner.TestRunner" name="runScenario" time="36.546"/>
  <system-out/>
  <testcase classname="runner.TestRunner" name="runScenario" time="39.093"/>
  <system-out/>
  <testcase classname="runner.TestRunner" name="runScenario" time="23.373"/>
  <system-out/>
  <testcase classname="runner.TestRunner" name="runScenario" time="39.137"/>
  <system-out/>
  <testcase classname="runner.TestRunner" name="runScenario" time="51.357"/>
  <system-out/>
  <testcase classname="runner.TestRunner" name="runScenario" time="35.400"/>
  <system-out/>
  <testcase classname="runner.TestRunner" name="runScenario" time="39.952">
    <failure message="did not expect [0 minute(s) ago] but found [0 minute(s) ago]" type="java.lang.AssertionError">
      <![CDATA[java.lang.AssertionError: did not expect [0 minute(s) ago] but found [0 minute(s) ago]
at org.testng.Assert.fail(Assert.java:97)
at org.testng.Assert.assertNotEquals(Assert.java:1399)
at org.testng.Assert.assertNotEquals(Assert.java:1404)
at stepDefinitionScripts.BlankDataStepDefs.he_must_not_be_able_to_capture_the_vitals_of_the_patient(BlankDataStepDefs.java:15)
at ✽.he must not be able to Capture the Vitals of the patient.(file:///E:/Mphasis/RLL/RLLOpenMRS/RLLOpenMRS/Features/04_3_Vitals_With_Blank_Data.feature:21)
]]>
    </failure>
  </testcase> <!-- runScenario -->
  <system-out/>
  <testcase classname="runner.TestRunner" name="runScenario" time="29.824"/>
  <system-out/>
  <testcase classname="runner.TestRunner" name="runScenario" time="58.042"/>
  <system-out/>
  <testcase classname="runner.TestRunner" name="runScenario" time="25.897">
    <error message="element not interactable
  (Session info: chrome=116.0.5845.188)
Build info: version: &#039;4.11.0&#039;, revision: &#039;040bc5406b&#039;
System info: os.name: &#039;Windows 10&#039;, os.arch: &#039;amd64&#039;, os.version: &#039;10.0&#039;, java.version: &#039;15.0.2&#039;
Driver info: org.openqa.selenium.chrome.ChromeDriver
Command: [cbb8a3efd5514b9fc5c830b547497f13, sendKeysToElement {id=185AD2FF53EA5E989678BC2366E6E8B4_element_72, value=[Ljava.lang.CharSequence;@5ab7ac02}]
Capabilities {acceptInsecureCerts: false, browserName: chrome, browserVersion: 116.0.5845.188, chrome: {chromedriverVersion: 116.0.5845.96 (1a3918166880..., userDataDir: C:\Users\ROGHIN~1\AppData\L...}, fedcm:accounts: true, goog:chromeOptions: {debuggerAddress: localhost:34027}, networkConnectionEnabled: false, pageLoadStrategy: normal, platformName: windows, proxy: Proxy(), se:cdp: ws://localhost:34027/devtoo..., se:cdpVersion: 116.0.5845.188, setWindowRect: true, strictFileInteractability: false, timeouts: {implicit: 0, pageLoad: 300000, script: 30000}, unhandledPromptBehavior: dismiss and notify, webauthn:extension:credBlob: true, webauthn:extension:largeBlob: true, webauthn:extension:minPinLength: true, webauthn:extension:prf: true, webauthn:virtualAuthenticators: true}
Element: [[ChromeDriver: chrome on windows (cbb8a3efd5514b9fc5c830b547497f13)] -&gt; id: address1]
Session ID: cbb8a3efd5514b9fc5c830b547497f13" type="org.openqa.selenium.ElementNotInteractableException">
      <![CDATA[org.openqa.selenium.ElementNotInteractableException: element not interactable
  (Session info: chrome=116.0.5845.188)
Build info: version: '4.11.0', revision: '040bc5406b'
System info: os.name: 'Windows 10', os.arch: 'amd64', os.version: '10.0', java.version: '15.0.2'
Driver info: org.openqa.selenium.chrome.ChromeDriver
Command: [cbb8a3efd5514b9fc5c830b547497f13, sendKeysToElement {id=185AD2FF53EA5E989678BC2366E6E8B4_element_72, value=[Ljava.lang.CharSequence;@5ab7ac02}]
Capabilities {acceptInsecureCerts: false, browserName: chrome, browserVersion: 116.0.5845.188, chrome: {chromedriverVersion: 116.0.5845.96 (1a3918166880..., userDataDir: C:\Users\ROGHIN~1\AppData\L...}, fedcm:accounts: true, goog:chromeOptions: {debuggerAddress: localhost:34027}, networkConnectionEnabled: false, pageLoadStrategy: normal, platformName: windows, proxy: Proxy(), se:cdp: ws://localhost:34027/devtoo..., se:cdpVersion: 116.0.5845.188, setWindowRect: true, strictFileInteractability: false, timeouts: {implicit: 0, pageLoad: 300000, script: 30000}, unhandledPromptBehavior: dismiss and notify, webauthn:extension:credBlob: true, webauthn:extension:largeBlob: true, webauthn:extension:minPinLength: true, webauthn:extension:prf: true, webauthn:virtualAuthenticators: true}
Element: [[ChromeDriver: chrome on windows (cbb8a3efd5514b9fc5c830b547497f13)] -> id: address1]
Session ID: cbb8a3efd5514b9fc5c830b547497f13
at java.base/jdk.internal.reflect.NativeConstructorAccessorImpl.newInstance0(Native Method)
at java.base/jdk.internal.reflect.NativeConstructorAccessorImpl.newInstance(NativeConstructorAccessorImpl.java:64)
at java.base/jdk.internal.reflect.DelegatingConstructorAccessorImpl.newInstance(DelegatingConstructorAccessorImpl.java:45)
at java.base/java.lang.reflect.Constructor.newInstanceWithCaller(Constructor.java:500)
at java.base/java.lang.reflect.Constructor.newInstance(Constructor.java:481)
at org.openqa.selenium.remote.codec.w3c.W3CHttpResponseCodec.createException(W3CHttpResponseCodec.java:200)
at org.openqa.selenium.remote.codec.w3c.W3CHttpResponseCodec.decode(W3CHttpResponseCodec.java:133)
at org.openqa.selenium.remote.codec.w3c.W3CHttpResponseCodec.decode(W3CHttpResponseCodec.java:52)
at org.openqa.selenium.remote.HttpCommandExecutor.execute(HttpCommandExecutor.java:191)
at org.openqa.selenium.remote.service.DriverCommandExecutor.invokeExecute(DriverCommandExecutor.java:196)
at org.openqa.selenium.remote.service.DriverCommandExecutor.execute(DriverCommandExecutor.java:171)
at org.openqa.selenium.remote.RemoteWebDriver.execute(RemoteWebDriver.java:518)
at org.openqa.selenium.remote.RemoteWebElement.execute(RemoteWebElement.java:224)
at org.openqa.selenium.remote.RemoteWebElement.sendKeys(RemoteWebElement.java:111)
at jdk.internal.reflect.GeneratedMethodAccessor105.invoke(Unknown Source)
at java.base/jdk.internal.reflect.DelegatingMethodAccessorImpl.invoke(DelegatingMethodAccessorImpl.java:43)
at java.base/java.lang.reflect.Method.invoke(Method.java:564)
at org.openqa.selenium.support.pagefactory.internal.LocatingElementHandler.invoke(LocatingElementHandler.java:51)
at com.sun.proxy.$Proxy28.sendKeys(Unknown Source)
at pages.EnterDetails.enterDetails(EnterDetails.java:88)
at stepDefinitionScripts.RegisterPage.i_enter_the_patient_details(RegisterPage.java:50)
at ✽.I Enter the Patient Details 2(file:///E:/Mphasis/RLL/RLLOpenMRS/RLLOpenMRS/Features/02_Register_a_Patient.feature:10)
]]>
    </error>
  </testcase> <!-- runScenario -->
  <system-out/>
</testsuite> <!-- runner.TestRunner -->
