<html>
<head>
<title>TestNG:  Test</title>
<link href="../testng.css" rel="stylesheet" type="text/css" />
<link href="../my-testng.css" rel="stylesheet" type="text/css" />

<style type="text/css">
.log { display: none;} 
.stack-trace { display: none;} 
</style>
<script type="text/javascript">
<!--
function flip(e) {
  current = e.style.display;
  if (current == 'block') {
    e.style.display = 'none';
    return 0;
  }
  else {
    e.style.display = 'block';
    return 1;
  }
}

function toggleBox(szDivId, elem, msg1, msg2)
{
  var res = -1;  if (document.getElementById) {
    res = flip(document.getElementById(szDivId));
  }
  else if (document.all) {
    // this is the way old msie versions work
    res = flip(document.all[szDivId]);
  }
  if(elem) {
    if(res == 0) elem.innerHTML = msg1; else elem.innerHTML = msg2;
  }

}

function toggleAllBoxes() {
  if (document.getElementsByTagName) {
    d = document.getElementsByTagName('div');
    for (i = 0; i < d.length; i++) {
      if (d[i].className == 'log') {
        flip(d[i]);
      }
    }
  }
}

// -->
</script>

</head>
<body>
<h2 align='center'>Test</h2><table border='1' align="center">
<tr>
<td>Tests passed/Failed/Skipped:</td><td>15/2/0</td>
</tr><tr>
<td>Started on:</td><td>Tue Sep 19 15:26:39 IST 2023</td>
</tr>
<tr><td>Total time:</td><td>692 seconds (692649 ms)</td>
</tr><tr>
<td>Included groups:</td><td></td>
</tr><tr>
<td>Excluded groups:</td><td></td>
</tr>
</table><p/>
<small><i>(Hover the method name to see the test class name)</i></small><p/>
<table width='100%' border='1' class='invocation-failed'>
<tr><td colspan='4' align='center'><b>FAILED TESTS</b></td></tr>
<tr><td><b>Test method</b></td>
<td width="30%"><b>Exception</b></td>
<td width="10%"><b>Time (seconds)</b></td>
<td><b>Instance</b></td>
</tr>
<tr>
<td title='runner.TestRunner.runScenario()'><b>runScenario</b><br>Test class: runner.TestRunner<br>Test method: Runs Cucumber Scenarios<br>Parameters: "Search Patient Record by Name", "Optional[Find Patient Record]"</td>
<td><div><pre>org.openqa.selenium.ElementNotInteractableException: element not interactable
  (Session info: chrome=116.0.5845.188)
Build info: version: &apos;4.11.0&apos;, revision: &apos;040bc5406b&apos;
System info: os.name: &apos;Windows 10&apos;, os.arch: &apos;amd64&apos;, os.version: &apos;10.0&apos;, java.version: &apos;15.0.2&apos;
Driver info: org.openqa.selenium.chrome.ChromeDriver
Command: [cbb8a3efd5514b9fc5c830b547497f13, sendKeysToElement {id=185AD2FF53EA5E989678BC2366E6E8B4_element_72, value=[Ljava.lang.CharSequence;@5ab7ac02}]
Capabilities {acceptInsecureCerts: false, browserName: chrome, browserVersion: 116.0.5845.188, chrome: {chromedriverVersion: 116.0.5845.96 (1a3918166880..., userDataDir: C:\Users\ROGHIN~1\AppData\L...}, fedcm:accounts: true, goog:chromeOptions: {debuggerAddress: localhost:34027}, networkConnectionEnabled: false, pageLoadStrategy: normal, platformName: windows, proxy: Proxy(), se:cdp: ws://localhost:34027/devtoo..., se:cdpVersion: 116.0.5845.188, setWindowRect: true, strictFileInteractability: false, timeouts: {implicit: 0, pageLoad: 300000, script: 30000}, unhandledPromptBehavior: dismiss and notify, webauthn:extension:credBlob: true, webauthn:extension:largeBlob: true, webauthn:extension:minPinLength: true, webauthn:extension:prf: true, webauthn:virtualAuthenticators: true}
Element: [[ChromeDriver: chrome on windows (cbb8a3efd5514b9fc5c830b547497f13)] -&gt; id: address1]
Session ID: cbb8a3efd5514b9fc5c830b547497f13
	at org.openqa.selenium.remote.codec.w3c.W3CHttpResponseCodec.createException(W3CHttpResponseCodec.java:200)
	at org.openqa.selenium.remote.codec.w3c.W3CHttpResponseCodec.decode(W3CHttpResponseCodec.java:133)
	at org.openqa.selenium.remote.codec.w3c.W3CHttpResponseCodec.decode(W3CHttpResponseCodec.java:52)
	at org.openqa.selenium.remote.HttpCommandExecutor.execute(HttpCommandExecutor.java:191)
	at org.openqa.selenium.remote.service.DriverCommandExecutor.invokeExecute(DriverCommandExecutor.java:196)
	at org.openqa.selenium.remote.service.DriverCommandExecutor.execute(DriverCommandExecutor.java:171)
	at org.openqa.selenium.remote.RemoteWebDriver.execute(RemoteWebDriver.java:518)
	at org.openqa.selenium.remote.RemoteWebElement.execute(RemoteWebElement.java:224)
	at org.openqa.selenium.remote.RemoteWebElement.sendKeys(RemoteWebElement.java:111)
	at org.openqa.selenium.support.pagefactory.internal.LocatingElementHandler.invoke(LocatingElementHandler.java:51)
	at com.sun.proxy.$Proxy28.sendKeys(Unknown Source)
	at pages.EnterDetails.enterDetails(EnterDetails.java:88)
	at stepDefinitionScripts.RegisterPage.i_enter_the_patient_details(RegisterPage.java:50)
	at ?.I Enter the Patient Details 2(file:///E:/Mphasis/RLL/RLLOpenMRS/RLLOpenMRS/Features/02_Register_a_Patient.feature:10)
... Removed 8 stack frames</pre></div><a href='#' onClick='toggleBox("stack-trace828064258", this, "Click to show all stack frames", "Click to hide stack frames")'>Click to show all stack frames</a>
<div class='stack-trace' id='stack-trace828064258'><pre>org.openqa.selenium.ElementNotInteractableException: element not interactable
  (Session info: chrome=116.0.5845.188)
Build info: version: &apos;4.11.0&apos;, revision: &apos;040bc5406b&apos;
System info: os.name: &apos;Windows 10&apos;, os.arch: &apos;amd64&apos;, os.version: &apos;10.0&apos;, java.version: &apos;15.0.2&apos;
Driver info: org.openqa.selenium.chrome.ChromeDriver
Command: [cbb8a3efd5514b9fc5c830b547497f13, sendKeysToElement {id=185AD2FF53EA5E989678BC2366E6E8B4_element_72, value=[Ljava.lang.CharSequence;@5ab7ac02}]
Capabilities {acceptInsecureCerts: false, browserName: chrome, browserVersion: 116.0.5845.188, chrome: {chromedriverVersion: 116.0.5845.96 (1a3918166880..., userDataDir: C:\Users\ROGHIN~1\AppData\L...}, fedcm:accounts: true, goog:chromeOptions: {debuggerAddress: localhost:34027}, networkConnectionEnabled: false, pageLoadStrategy: normal, platformName: windows, proxy: Proxy(), se:cdp: ws://localhost:34027/devtoo..., se:cdpVersion: 116.0.5845.188, setWindowRect: true, strictFileInteractability: false, timeouts: {implicit: 0, pageLoad: 300000, script: 30000}, unhandledPromptBehavior: dismiss and notify, webauthn:extension:credBlob: true, webauthn:extension:largeBlob: true, webauthn:extension:minPinLength: true, webauthn:extension:prf: true, webauthn:virtualAuthenticators: true}
Element: [[ChromeDriver: chrome on windows (cbb8a3efd5514b9fc5c830b547497f13)] -&gt; id: address1]
Session ID: cbb8a3efd5514b9fc5c830b547497f13
	at java.base/jdk.internal.reflect.NativeConstructorAccessorImpl.newInstance0(Native Method)
	at java.base/jdk.internal.reflect.NativeConstructorAccessorImpl.newInstance(NativeConstructorAccessorImpl.java:64)
	at java.base/jdk.internal.reflect.DelegatingConstructorAccessorImpl.newInstance(DelegatingConstructorAccessorImpl.java:45)
	at java.base/java.lang.reflect.Constructor.newInstanceWithCaller(Constructor.java:500)
	at java.base/java.lang.reflect.Constructor.newInstance(Constructor.java:481)
	at org.openqa.selenium.remote.codec.w3c.W3CHttpResponseCodec.createException(W3CHttpResponseCodec.java:200)
	at org.openqa.selenium.remote.codec.w3c.W3CHttpResponseCodec.decode(W3CHttpResponseCodec.java:133)
	at org.openqa.selenium.remote.codec.w3c.W3CHttpResponseCodec.decode(W3CHttpResponseCodec.java:52)
	at org.openqa.selenium.remote.HttpCommandExecutor.execute(HttpCommandExecutor.java:191)
	at org.openqa.selenium.remote.service.DriverCommandExecutor.invokeExecute(DriverCommandExecutor.java:196)
	at org.openqa.selenium.remote.service.DriverCommandExecutor.execute(DriverCommandExecutor.java:171)
	at org.openqa.selenium.remote.RemoteWebDriver.execute(RemoteWebDriver.java:518)
	at org.openqa.selenium.remote.RemoteWebElement.execute(RemoteWebElement.java:224)
	at org.openqa.selenium.remote.RemoteWebElement.sendKeys(RemoteWebElement.java:111)
	at jdk.internal.reflect.GeneratedMethodAccessor105.invoke(Unknown Source)
	at java.base/jdk.internal.reflect.DelegatingMethodAccessorImpl.invoke(DelegatingMethodAccessorImpl.java:43)
	at java.base/java.lang.reflect.Method.invoke(Method.java:564)
	at org.openqa.selenium.support.pagefactory.internal.LocatingElementHandler.invoke(LocatingElementHandler.java:51)
	at com.sun.proxy.$Proxy28.sendKeys(Unknown Source)
	at pages.EnterDetails.enterDetails(EnterDetails.java:88)
	at stepDefinitionScripts.RegisterPage.i_enter_the_patient_details(RegisterPage.java:50)
	at ?.I Enter the Patient Details 2(file:///E:/Mphasis/RLL/RLLOpenMRS/RLLOpenMRS/Features/02_Register_a_Patient.feature:10)
</pre></div></td>
<td>25</td>
<td>runner.TestRunner@7d900ecf</td></tr>
<tr>
<td title='runner.TestRunner.runScenario()'><b>runScenario</b><br>Test class: runner.TestRunner<br>Test method: Runs Cucumber Scenarios<br>Parameters: "A user with some blank data must not be able capture vitals of the patient", "Optional[Capture Vitals of the patient]"</td>
<td><div><pre>java.lang.AssertionError: did not expect [0 minute(s) ago] but found [0 minute(s) ago]
	at stepDefinitionScripts.BlankDataStepDefs.he_must_not_be_able_to_capture_the_vitals_of_the_patient(BlankDataStepDefs.java:15)
	at ?.he must not be able to Capture the Vitals of the patient.(file:///E:/Mphasis/RLL/RLLOpenMRS/RLLOpenMRS/Features/04_3_Vitals_With_Blank_Data.feature:21)
... Removed 3 stack frames</pre></div><a href='#' onClick='toggleBox("stack-trace1393060828", this, "Click to show all stack frames", "Click to hide stack frames")'>Click to show all stack frames</a>
<div class='stack-trace' id='stack-trace1393060828'><pre>java.lang.AssertionError: did not expect [0 minute(s) ago] but found [0 minute(s) ago]
	at org.testng.Assert.fail(Assert.java:97)
	at org.testng.Assert.assertNotEquals(Assert.java:1399)
	at org.testng.Assert.assertNotEquals(Assert.java:1404)
	at stepDefinitionScripts.BlankDataStepDefs.he_must_not_be_able_to_capture_the_vitals_of_the_patient(BlankDataStepDefs.java:15)
	at ?.he must not be able to Capture the Vitals of the patient.(file:///E:/Mphasis/RLL/RLLOpenMRS/RLLOpenMRS/Features/04_3_Vitals_With_Blank_Data.feature:21)
</pre></div></td>
<td>39</td>
<td>runner.TestRunner@7d900ecf</td></tr>
</table><p>
<table width='100%' border='1' class='invocation-passed'>
<tr><td colspan='4' align='center'><b>PASSED TESTS</b></td></tr>
<tr><td><b>Test method</b></td>
<td width="30%"><b>Exception</b></td>
<td width="10%"><b>Time (seconds)</b></td>
<td><b>Instance</b></td>
</tr>
<tr>
<td title='runner.TestRunner.runScenario()'><b>runScenario</b><br>Test class: runner.TestRunner<br>Test method: Runs Cucumber Scenarios<br>Parameters: "Successful Login", "Optional[login to openMRS]"</td>
<td></td>
<td>23</td>
<td>runner.TestRunner@7d900ecf</td></tr>
<tr>
<td title='runner.TestRunner.runScenario()'><b>runScenario</b><br>Test class: runner.TestRunner<br>Test method: Runs Cucumber Scenarios<br>Parameters: "Search Patient Record by Name", "Optional[Find Patient Record]"</td>
<td></td>
<td>41</td>
<td>runner.TestRunner@7d900ecf</td></tr>
<tr>
<td title='runner.TestRunner.runScenario()'><b>runScenario</b><br>Test class: runner.TestRunner<br>Test method: Runs Cucumber Scenarios<br>Parameters: "Search Patient Record by Name", "Optional[Find Patient Record]"</td>
<td></td>
<td>42</td>
<td>runner.TestRunner@7d900ecf</td></tr>
<tr>
<td title='runner.TestRunner.runScenario()'><b>runScenario</b><br>Test class: runner.TestRunner<br>Test method: Runs Cucumber Scenarios<br>Parameters: "Navigate to OpenMRS and Perform Patient Record Search", "Optional[OpenMRS Patient Record Search]"</td>
<td></td>
<td>39</td>
<td>runner.TestRunner@7d900ecf</td></tr>
<tr>
<td title='runner.TestRunner.runScenario()'><b>runScenario</b><br>Test class: runner.TestRunner<br>Test method: Runs Cucumber Scenarios<br>Parameters: "Navigate to OpenMRS and Perform Patient Record Search", "Optional[OpenMRS Patient Record Search]"</td>
<td></td>
<td>45</td>
<td>runner.TestRunner@7d900ecf</td></tr>
<tr>
<td title='runner.TestRunner.runScenario()'><b>runScenario</b><br>Test class: runner.TestRunner<br>Test method: Runs Cucumber Scenarios<br>Parameters: "Navigate to OpenMRS and Perform Patient Record Search", "Optional[OpenMRS Patient Record Search]"</td>
<td></td>
<td>33</td>
<td>runner.TestRunner@7d900ecf</td></tr>
<tr>
<td title='runner.TestRunner.runScenario()'><b>runScenario</b><br>Test class: runner.TestRunner<br>Test method: Runs Cucumber Scenarios<br>Parameters: "Navigate to OpenMRS and Perform Patient Record Search", "Optional[OpenMRS Patient Record Search]"</td>
<td></td>
<td>33</td>
<td>runner.TestRunner@7d900ecf</td></tr>
<tr>
<td title='runner.TestRunner.runScenario()'><b>runScenario</b><br>Test class: runner.TestRunner<br>Test method: Runs Cucumber Scenarios<br>Parameters: "A user with valid data must be able capture vitals of the patient", "Optional[Capture Vitals of the patient]"</td>
<td></td>
<td>39</td>
<td>runner.TestRunner@7d900ecf</td></tr>
<tr>
<td title='runner.TestRunner.runScenario()'><b>runScenario</b><br>Test class: runner.TestRunner<br>Test method: Runs Cucumber Scenarios<br>Parameters: "A user with valid data must be able capture vitals of the patient", "Optional[Capture Vitals of the patient]"</td>
<td></td>
<td>35</td>
<td>runner.TestRunner@7d900ecf</td></tr>
<tr>
<td title='runner.TestRunner.runScenario()'><b>runScenario</b><br>Test class: runner.TestRunner<br>Test method: Runs Cucumber Scenarios<br>Parameters: "A user with valid data must be able capture vitals of the patient", "Optional[Capture Vitals of the patient]"</td>
<td></td>
<td>36</td>
<td>runner.TestRunner@7d900ecf</td></tr>
<tr>
<td title='runner.TestRunner.runScenario()'><b>runScenario</b><br>Test class: runner.TestRunner<br>Test method: Runs Cucumber Scenarios<br>Parameters: "A user with Invalid data must get error message", "Optional[Capture Vitals of the patient]"</td>
<td></td>
<td>29</td>
<td>runner.TestRunner@7d900ecf</td></tr>
<tr>
<td title='runner.TestRunner.runScenario()'><b>runScenario</b><br>Test class: runner.TestRunner<br>Test method: Runs Cucumber Scenarios<br>Parameters: "Add a New Service Type", "Optional[Add a new service type in manage appointment page]"</td>
<td></td>
<td>22</td>
<td>runner.TestRunner@7d900ecf</td></tr>
<tr>
<td title='runner.TestRunner.runScenario()'><b>runScenario</b><br>Test class: runner.TestRunner<br>Test method: Runs Cucumber Scenarios<br>Parameters: "Manage Appointment", "Optional[Manage appointment for patients]"</td>
<td></td>
<td>51</td>
<td>runner.TestRunner@7d900ecf</td></tr>
<tr>
<td title='runner.TestRunner.runScenario()'><b>runScenario</b><br>Test class: runner.TestRunner<br>Test method: Runs Cucumber Scenarios<br>Parameters: "User must be able to create appointment block", "Optional[Create Appointment Block]"</td>
<td></td>
<td>58</td>
<td>runner.TestRunner@7d900ecf</td></tr>
<tr>
<td title='runner.TestRunner.runScenario()'><b>runScenario</b><br>Test class: runner.TestRunner<br>Test method: Runs Cucumber Scenarios<br>Parameters: "a user is be able to edit the registration details of patient with only valid data", "Optional[Edit Registration Details]"</td>
<td></td>
<td>37</td>
<td>runner.TestRunner@7d900ecf</td></tr>
</table><p>
</body>
</html>